2025-03-11 08:53:18,342 - DEBUG - Current User ID: None, Level ID: 1
2025-03-11 08:53:18,351 - WARNING - Bad Request: /helpdesk/
2025-03-11 08:53:29,758 - DEBUG - Current User ID: None, Level ID: 1
2025-03-11 08:53:29,758 - WARNING - Bad Request: /helpdesk/
2025-03-11 08:55:51,558 - INFO - C:\Users\dicky.anwar\Videos\app\ERP-PythonDjango-4.2\erp\backend\auth.py changed, reloading.
2025-03-11 08:56:27,501 - INFO - C:\Users\dicky.anwar\Videos\app\ERP-PythonDjango-4.2\erp\backend\helpdesk.py changed, reloading.
2025-03-11 08:56:30,060 - DEBUG - Current User ID: 1, Level ID: 1
2025-03-11 08:56:30,060 - DEBUG - Executed Query: 
            SELECT a.id, c.first_name AS sender, a.message, a.created_at 
            FROM helpdesk_inbox AS a
            JOIN auth_user AS c ON a.user_id_sender = c.id
            WHERE a.status != '2' AND (
                (a.user_id_receiver IS NOT NULL AND a.user_id_receiver = %s) OR
                (a.user_id_receiver IS NULL AND a.group_id = %s)
            )
            ORDER BY a.id DESC
         | Params: 1, 1
2025-03-11 08:56:30,060 - DEBUG - Query Result: ((3, 'diky', 'apakah data ini masuk?', datetime.datetime(2025, 2, 5, 1, 20, 21)), (2, 'budi', 'Puji syukur kita panjatkan ke hadirat Tuhan Yang Maha Esa, karena dengan rahmat-Nya, kita semua masih diberi kesempatan untuk berkumpul di sini dalam keadaan sehat wal afiat. Pada kesempatan yang berbahagia ini, saya ingin menyampaikan beberapa patah kata mengenai kebangsaan kita, mengenai apa yang telah kita raih, dan apa yang harus kita perjuangkan bersama untuk masa depan bangsa.\n\nSaudara-saudara sekalian,\nBangsa Indonesia, yang terdiri dari beragam suku, agama, dan budaya, adalah contoh nyata dari kekuatan dalam keberagaman. Sejarah panjang perjuangan kemerdekaan kita telah membuktikan bahwa perbedaan tidaklah menjadi penghalang, melainkan kekuatan yang menyatukan kita. Dari Sabang sampai Merauke, dari Miangas sampai Pulau Rote, kita adalah satu, dalam semangat yang sama: Indonesia maju.', datetime.datetime(2025, 2, 5, 10, 53)), (1, 'ridwan', 'tolong perbaiki', datetime.datetime(2025, 2, 4, 9, 6, 29)))
2025-03-11 08:57:54,764 - DEBUG - Current User ID: 1, Level ID: 1
2025-03-11 08:57:54,769 - DEBUG - Executed Query: 
            SELECT a.id, c.first_name AS sender, a.message, a.created_at 
            FROM helpdesk_inbox AS a
            JOIN auth_user AS c ON a.user_id_sender = c.id
            WHERE a.status != '2' AND (
                (a.user_id_receiver IS NOT NULL AND a.user_id_receiver = %s) OR
                (a.user_id_receiver IS NULL AND a.group_id = %s)
            )
            ORDER BY a.id DESC
         | Params: 1, 1
2025-03-11 08:57:54,777 - DEBUG - Query Result: ((3, 'diky', 'apakah data ini masuk?', datetime.datetime(2025, 2, 5, 1, 20, 21)), (2, 'budi', 'Puji syukur kita panjatkan ke hadirat Tuhan Yang Maha Esa, karena dengan rahmat-Nya, kita semua masih diberi kesempatan untuk berkumpul di sini dalam keadaan sehat wal afiat. Pada kesempatan yang berbahagia ini, saya ingin menyampaikan beberapa patah kata mengenai kebangsaan kita, mengenai apa yang telah kita raih, dan apa yang harus kita perjuangkan bersama untuk masa depan bangsa.\n\nSaudara-saudara sekalian,\nBangsa Indonesia, yang terdiri dari beragam suku, agama, dan budaya, adalah contoh nyata dari kekuatan dalam keberagaman. Sejarah panjang perjuangan kemerdekaan kita telah membuktikan bahwa perbedaan tidaklah menjadi penghalang, melainkan kekuatan yang menyatukan kita. Dari Sabang sampai Merauke, dari Miangas sampai Pulau Rote, kita adalah satu, dalam semangat yang sama: Indonesia maju.', datetime.datetime(2025, 2, 5, 10, 53)), (1, 'ridwan', 'tolong perbaiki', datetime.datetime(2025, 2, 4, 9, 6, 29)))
2025-03-11 08:58:08,353 - DEBUG - Current User ID: 1, Level ID: 1
2025-03-11 08:58:08,354 - DEBUG - Executed Query: 
            SELECT a.id, c.first_name AS sender, a.message, a.created_at 
            FROM helpdesk_inbox AS a
            JOIN auth_user AS c ON a.user_id_sender = c.id
            WHERE a.status != '2' AND (
                (a.user_id_receiver IS NOT NULL AND a.user_id_receiver = %s) OR
                (a.user_id_receiver IS NULL AND a.group_id = %s)
            )
            ORDER BY a.id DESC
         | Params: 1, 1
2025-03-11 08:58:08,354 - DEBUG - Query Result: ((3, 'diky', 'apakah data ini masuk?', datetime.datetime(2025, 2, 5, 1, 20, 21)), (2, 'budi', 'Puji syukur kita panjatkan ke hadirat Tuhan Yang Maha Esa, karena dengan rahmat-Nya, kita semua masih diberi kesempatan untuk berkumpul di sini dalam keadaan sehat wal afiat. Pada kesempatan yang berbahagia ini, saya ingin menyampaikan beberapa patah kata mengenai kebangsaan kita, mengenai apa yang telah kita raih, dan apa yang harus kita perjuangkan bersama untuk masa depan bangsa.\n\nSaudara-saudara sekalian,\nBangsa Indonesia, yang terdiri dari beragam suku, agama, dan budaya, adalah contoh nyata dari kekuatan dalam keberagaman. Sejarah panjang perjuangan kemerdekaan kita telah membuktikan bahwa perbedaan tidaklah menjadi penghalang, melainkan kekuatan yang menyatukan kita. Dari Sabang sampai Merauke, dari Miangas sampai Pulau Rote, kita adalah satu, dalam semangat yang sama: Indonesia maju.', datetime.datetime(2025, 2, 5, 10, 53)), (1, 'ridwan', 'tolong perbaiki', datetime.datetime(2025, 2, 4, 9, 6, 29)))
2025-03-11 09:03:22,761 - WARNING - Not Found: /profile/assets/images/users/avatar-1.jpg
2025-03-11 09:03:22,771 - DEBUG - Current User ID: 1, Level ID: 1
2025-03-11 09:03:22,772 - DEBUG - Executed Query: 
            SELECT a.id, c.first_name AS sender, a.message, a.created_at 
            FROM helpdesk_inbox AS a
            JOIN auth_user AS c ON a.user_id_sender = c.id
            WHERE a.status != '2' AND (
                (a.user_id_receiver IS NOT NULL AND a.user_id_receiver = %s) OR
                (a.user_id_receiver IS NULL AND a.group_id = %s)
            )
            ORDER BY a.id DESC
         | Params: 1, 1
2025-03-11 09:03:22,772 - DEBUG - Query Result: ((3, 'diky', 'apakah data ini masuk?', datetime.datetime(2025, 2, 5, 1, 20, 21)), (2, 'budi', 'Puji syukur kita panjatkan ke hadirat Tuhan Yang Maha Esa, karena dengan rahmat-Nya, kita semua masih diberi kesempatan untuk berkumpul di sini dalam keadaan sehat wal afiat. Pada kesempatan yang berbahagia ini, saya ingin menyampaikan beberapa patah kata mengenai kebangsaan kita, mengenai apa yang telah kita raih, dan apa yang harus kita perjuangkan bersama untuk masa depan bangsa.\n\nSaudara-saudara sekalian,\nBangsa Indonesia, yang terdiri dari beragam suku, agama, dan budaya, adalah contoh nyata dari kekuatan dalam keberagaman. Sejarah panjang perjuangan kemerdekaan kita telah membuktikan bahwa perbedaan tidaklah menjadi penghalang, melainkan kekuatan yang menyatukan kita. Dari Sabang sampai Merauke, dari Miangas sampai Pulau Rote, kita adalah satu, dalam semangat yang sama: Indonesia maju.', datetime.datetime(2025, 2, 5, 10, 53)), (1, 'ridwan', 'tolong perbaiki', datetime.datetime(2025, 2, 4, 9, 6, 29)))
